<?xml version="1.0" encoding="UTF-8"?>
<!-- Generated by org.testng.reporters.JUnitXMLReporter -->
<testsuite ignored="0" hostname="WINDOWS-UNR7VLH" failures="0" tests="4" name="Default test" time="103.75" errors="0" timestamp="2022-10-27T10:37:34 IST">
  <testcase classname="tests.CartTest" name="Login" time="33.771"/>
  <testcase classname="tests.CartTest" name="medicineDropDown" time="22.799"/>
  <testcase classname="tests.CartTest" name="beauty" time="8.663"/>
  <testcase classname="tests.CartTest" name="CartTestValidation" time="8.485"/>
</testsuite> <!-- Default test -->
