<?xml version="1.0" encoding="UTF-8"?>
<!-- Generated by org.testng.reporters.JUnitXMLReporter -->
<testsuite ignored="0" hostname="WINDOWS-UNR7VLH" failures="1" tests="1" name="Test1" time="0.019" errors="0" timestamp="2022-10-21T22:07:47 IST">
  <testcase classname="pages.MonthlyOffers" name="linkclick" time="0.0">
    <failure type="org.testng.TestNGException" message="
Cannot inject @Test annotated Method [linkclick] with [interface org.openqa.selenium.WebDriver].
For more information on native dependency injection please refer to https://testng.org/doc/documentation-main.html#native-dependency-injection">
      <![CDATA[org.testng.TestNGException: 
Cannot inject @Test annotated Method [linkclick] with [interface org.openqa.selenium.WebDriver].
For more information on native dependency injection please refer to https://testng.org/doc/documentation-main.html#native-dependency-injection
at java.base/java.util.ArrayList.forEach(ArrayList.java:1511)
... Removed 26 stack frames]]>
    </failure>
  </testcase> <!-- linkclick -->
</testsuite> <!-- Test1 -->
