<?xml version="1.0" encoding="UTF-8"?>
<testng-results ignored="0" total="2" passed="2" failed="0" skipped="0">
  <reporter-output>
    <line>
      <![CDATA[driver instantiation in chrome]]>
    </line>
    <line>
      <![CDATA[driver instantiation in edge]]>
    </line>
  </reporter-output>
  <suite started-at="2022-10-20T14:27:32 IST" name="Suite" finished-at="2022-10-20T14:27:46 IST" duration-ms="14071">
    <groups>
    </groups>
    <test started-at="2022-10-20T14:27:32 IST" name="Test" finished-at="2022-10-20T14:27:46 IST" duration-ms="14071">
      <class name="test.ParallelTest">
        <test-method signature="ChromeTest()[pri:0, instance:test.ParallelTest@8dbdac1]" started-at="2022-10-20T14:27:33 IST" name="ChromeTest" finished-at="2022-10-20T14:27:41 IST" duration-ms="8651" status="PASS">
          <reporter-output>
            <line>
              <![CDATA[driver instantiation in chrome]]>
            </line>
          </reporter-output>
        </test-method> <!-- ChromeTest -->
        <test-method signature="EdgeTest()[pri:0, instance:test.ParallelTest@8dbdac1]" started-at="2022-10-20T14:27:41 IST" name="EdgeTest" finished-at="2022-10-20T14:27:46 IST" duration-ms="5244" status="PASS">
          <reporter-output>
            <line>
              <![CDATA[driver instantiation in edge]]>
            </line>
          </reporter-output>
        </test-method> <!-- EdgeTest -->
      </class> <!-- test.ParallelTest -->
    </test> <!-- Test -->
  </suite> <!-- Suite -->
</testng-results>
