<?xml version="1.0" encoding="UTF-8"?>
<testng-results ignored="0" total="1" passed="1" failed="0" skipped="0">
  <reporter-output>
  </reporter-output>
  <suite started-at="2022-11-02T11:16:53 IST" name="Default suite" finished-at="2022-11-02T11:17:10 IST" duration-ms="17695">
    <groups>
    </groups>
    <test started-at="2022-11-02T11:16:53 IST" name="Default test" finished-at="2022-11-02T11:17:10 IST" duration-ms="17695">
      <class name="test.ExtendDemo">
        <test-method is-config="true" signature="beforeTest()[pri:0, instance:test.ExtendDemo@f5ac9e4]" started-at="2022-11-02T11:16:53 IST" name="beforeTest" finished-at="2022-11-02T11:16:54 IST" duration-ms="1036" status="PASS">
          <reporter-output>
          </reporter-output>
        </test-method> <!-- beforeTest -->
        <test-method signature="extentReportDemo()[pri:0, instance:test.ExtendDemo@f5ac9e4]" started-at="2022-11-02T11:16:54 IST" name="extentReportDemo" finished-at="2022-11-02T11:17:09 IST" duration-ms="15124" status="PASS">
          <reporter-output>
          </reporter-output>
        </test-method> <!-- extentReportDemo -->
        <test-method is-config="true" signature="afterTest()[pri:0, instance:test.ExtendDemo@f5ac9e4]" started-at="2022-11-02T11:17:09 IST" name="afterTest" finished-at="2022-11-02T11:17:10 IST" duration-ms="1427" status="PASS">
          <reporter-output>
          </reporter-output>
        </test-method> <!-- afterTest -->
      </class> <!-- test.ExtendDemo -->
    </test> <!-- Default test -->
  </suite> <!-- Default suite -->
</testng-results>
