<?xml version="1.0" encoding="UTF-8"?>
<testng-results ignored="0" total="1" passed="1" failed="0" skipped="0">
  <reporter-output>
  </reporter-output>
  <suite started-at="2022-11-08T11:47:43 IST" name="Default suite" finished-at="2022-11-08T11:47:53 IST" duration-ms="9670">
    <groups>
    </groups>
    <test started-at="2022-11-08T11:47:43 IST" name="Default test" finished-at="2022-11-08T11:47:53 IST" duration-ms="9670">
      <class name="test.TestNG_Post">
        <test-method signature="postReqresUser()[pri:0, instance:test.TestNG_Post@6eda5c9]" started-at="2022-11-08T11:47:43 IST" name="postReqresUser" finished-at="2022-11-08T11:47:53 IST" duration-ms="9454" status="PASS">
          <reporter-output>
          </reporter-output>
        </test-method> <!-- postReqresUser -->
      </class> <!-- test.TestNG_Post -->
    </test> <!-- Default test -->
  </suite> <!-- Default suite -->
</testng-results>
