<?xml version="1.0" encoding="UTF-8"?>
<testng-results ignored="0" total="4" passed="4" failed="0" skipped="0">
  <reporter-output>
    <line>
      <![CDATA[driver instantiation in chrome and netmeds site Launched]]>
    </line>
    <line>
      <![CDATA[This is Medicine Drop Down test]]>
    </line>
  </reporter-output>
  <suite started-at="2022-10-27T10:35:51 IST" name="Default suite" finished-at="2022-10-27T10:37:34 IST" duration-ms="103750">
    <groups>
    </groups>
    <test started-at="2022-10-27T10:35:51 IST" name="Default test" finished-at="2022-10-27T10:37:34 IST" duration-ms="103750">
      <class name="tests.CartTest">
        <test-method is-config="true" signature="beforeTest()[pri:0, instance:tests.CartTest@6dc17b83]" started-at="2022-10-27T10:35:51 IST" name="beforeTest" finished-at="2022-10-27T10:36:05 IST" duration-ms="14661" status="PASS">
          <reporter-output>
            <line>
              <![CDATA[driver instantiation in chrome and netmeds site Launched]]>
            </line>
          </reporter-output>
        </test-method> <!-- beforeTest -->
        <test-method signature="Login()[pri:1, instance:tests.CartTest@6dc17b83]" started-at="2022-10-27T10:36:05 IST" name="Login" finished-at="2022-10-27T10:36:39 IST" duration-ms="33771" status="PASS">
          <reporter-output>
          </reporter-output>
        </test-method> <!-- Login -->
        <test-method signature="medicineDropDown()[pri:2, instance:tests.CartTest@6dc17b83]" started-at="2022-10-27T10:36:39 IST" name="medicineDropDown" finished-at="2022-10-27T10:37:02 IST" duration-ms="22799" status="PASS">
          <reporter-output>
            <line>
              <![CDATA[This is Medicine Drop Down test]]>
            </line>
          </reporter-output>
        </test-method> <!-- medicineDropDown -->
        <test-method signature="beauty()[pri:3, instance:tests.CartTest@6dc17b83]" started-at="2022-10-27T10:37:02 IST" name="beauty" finished-at="2022-10-27T10:37:11 IST" duration-ms="8663" status="PASS">
          <reporter-output>
          </reporter-output>
        </test-method> <!-- beauty -->
        <test-method signature="CartTestValidation()[pri:4, instance:tests.CartTest@6dc17b83]" started-at="2022-10-27T10:37:11 IST" name="CartTestValidation" finished-at="2022-10-27T10:37:19 IST" duration-ms="8485" status="PASS">
          <reporter-output>
          </reporter-output>
        </test-method> <!-- CartTestValidation -->
        <test-method is-config="true" signature="AfterTest()[pri:0, instance:tests.CartTest@6dc17b83]" started-at="2022-10-27T10:37:19 IST" name="AfterTest" finished-at="2022-10-27T10:37:34 IST" duration-ms="15115" status="PASS">
          <reporter-output>
          </reporter-output>
        </test-method> <!-- AfterTest -->
      </class> <!-- tests.CartTest -->
    </test> <!-- Default test -->
  </suite> <!-- Default suite -->
</testng-results>
