<?xml version="1.0" encoding="UTF-8"?>
<testng-results ignored="0" total="2" passed="2" failed="0" skipped="0">
  <reporter-output>
    <line>
      <![CDATA[LoginSuccess]]>
    </line>
    <line>
      <![CDATA[LoginSuccess]]>
    </line>
  </reporter-output>
  <suite started-at="2022-10-20T15:17:26 IST" name="Suite" finished-at="2022-10-20T15:17:50 IST" duration-ms="23776">
    <groups>
    </groups>
    <test started-at="2022-10-20T15:17:26 IST" name="test" finished-at="2022-10-20T15:17:39 IST" duration-ms="13248">
      <class name="test.CrossBrowser">
        <test-method is-config="true" signature="beforeTest(java.lang.String)[pri:0, instance:test.CrossBrowser@79e2c065]" started-at="2022-10-20T15:17:26 IST" name="beforeTest" finished-at="2022-10-20T15:17:35 IST" duration-ms="9205" status="PASS">
          <params>
            <param index="0">
              <value>
                <![CDATA[chrome]]>
              </value>
            </param>
          </params>
          <reporter-output>
          </reporter-output>
        </test-method> <!-- beforeTest -->
        <test-method signature="f()[pri:0, instance:test.CrossBrowser@79e2c065]" started-at="2022-10-20T15:17:35 IST" name="f" finished-at="2022-10-20T15:17:39 IST" duration-ms="3474" status="PASS">
          <reporter-output>
            <line>
              <![CDATA[LoginSuccess]]>
            </line>
          </reporter-output>
        </test-method> <!-- f -->
        <test-method is-config="true" signature="afterTest()[pri:0, instance:test.CrossBrowser@79e2c065]" started-at="2022-10-20T15:17:39 IST" name="afterTest" finished-at="2022-10-20T15:17:39 IST" duration-ms="405" status="PASS">
          <reporter-output>
          </reporter-output>
        </test-method> <!-- afterTest -->
      </class> <!-- test.CrossBrowser -->
    </test> <!-- test -->
    <test started-at="2022-10-20T15:17:39 IST" name="Test1" finished-at="2022-10-20T15:17:50 IST" duration-ms="10422">
      <class name="test.CrossBrowser">
        <test-method is-config="true" signature="beforeTest(java.lang.String)[pri:0, instance:test.CrossBrowser@34a3d150]" started-at="2022-10-20T15:17:39 IST" name="beforeTest" finished-at="2022-10-20T15:17:46 IST" duration-ms="6875" status="PASS">
          <params>
            <param index="0">
              <value>
                <![CDATA[edge]]>
              </value>
            </param>
          </params>
          <reporter-output>
          </reporter-output>
        </test-method> <!-- beforeTest -->
        <test-method signature="f()[pri:0, instance:test.CrossBrowser@34a3d150]" started-at="2022-10-20T15:17:46 IST" name="f" finished-at="2022-10-20T15:17:49 IST" duration-ms="3077" status="PASS">
          <reporter-output>
            <line>
              <![CDATA[LoginSuccess]]>
            </line>
          </reporter-output>
        </test-method> <!-- f -->
        <test-method is-config="true" signature="afterTest()[pri:0, instance:test.CrossBrowser@34a3d150]" started-at="2022-10-20T15:17:49 IST" name="afterTest" finished-at="2022-10-20T15:17:50 IST" duration-ms="455" status="PASS">
          <reporter-output>
          </reporter-output>
        </test-method> <!-- afterTest -->
      </class> <!-- test.CrossBrowser -->
    </test> <!-- Test1 -->
  </suite> <!-- Suite -->
</testng-results>
