<?xml version="1.0" encoding="UTF-8"?>
<!-- Generated by org.testng.reporters.JUnitXMLReporter -->
<testsuite ignored="0" hostname="WINDOWS-UNR7VLH" failures="0" tests="2" name="Test" time="0.262" errors="0" timestamp="2022-10-20T16:29:10 IST">
  <testcase classname="framework.DataProviderTest" name="@BeforeTest beforeTest" time="-1.666263549645E9">
    <failure type="org.testng.TestNGException" message="
Can inject only one of &amp;lt;ITestContext, XmlTest&amp;gt; into a @BeforeTest annotated beforeTest.
For more information on native dependency injection please refer to https://testng.org/doc/documentation-main.html#native-dependency-injection">
      <![CDATA[org.testng.TestNGException: 
Can inject only one of <ITestContext, XmlTest> into a @BeforeTest annotated beforeTest.
For more information on native dependency injection please refer to https://testng.org/doc/documentation-main.html#native-dependency-injection
... Removed 21 stack frames]]>
    </failure>
  </testcase> <!-- @BeforeTest beforeTest -->
  <testcase classname="framework.DataProviderTest" name="@AfterTest afterTest" time="-1.666263549874E9">
    <skipped/>
  </testcase> <!-- @AfterTest afterTest -->
  <testcase classname="framework.DataProviderTest" name="test" time="0.0">
    <skipped/>
  </testcase> <!-- test -->
  <testcase classname="framework.DataProviderTest" name="test" time="0.0">
    <skipped/>
  </testcase> <!-- test -->
</testsuite> <!-- Test -->
